<?xml version="1.0" encoding="UTF-8"?>
<!-- Generated by org.testng.reporters.JUnitXMLReporter -->
<testsuite ignored="0" hostname="ATHII" failures="0" tests="3" name="Surefire test" time="0.027" errors="0" timestamp="2024-04-14T04:32:54 IST">
  <testcase classname="com.build.testNG.automate.testNGAutomate.TestNG" name="@BeforeSuite browserProperties" time="0.007">
    <failure type="java.lang.Error" message="Unresolved compilation problem: 
	WebDriverManager cannot be resolved
">
      <![CDATA[java.lang.Error: Unresolved compilation problem: 
WebDriverManager cannot be resolved

at com.build.testNG.automate.testNGAutomate.TestNG.browserProperties(TestNG.java:11)
... Removed 24 stack frames]]>
    </failure>
  </testcase> <!-- @BeforeSuite browserProperties -->
  <testcase classname="com.build.testNG.automate.testNGAutomate.TestNG" name="Yahoo" time="0.0">
    <skipped/>
  </testcase> <!-- Yahoo -->
  <testcase classname="com.build.testNG.automate.testNGAutomate.TestNG" name="Bing" time="0.0">
    <skipped/>
  </testcase> <!-- Bing -->
  <testcase classname="com.build.testNG.automate.testNGAutomate.TestNG" name="Google" time="0.0">
    <skipped/>
  </testcase> <!-- Google -->
</testsuite> <!-- Surefire test -->
