<?xml version="1.0" encoding="UTF-8"?>
<testng-results ignored="0" total="1" passed="1" failed="0" skipped="0">
  <reporter-output>
  </reporter-output>
  <suite started-at="2024-04-14T03:35:02 IST" name="Surefire suite" finished-at="2024-04-14T03:35:02 IST" duration-ms="28">
    <groups>
    </groups>
    <test started-at="2024-04-14T03:35:02 IST" name="Surefire test" finished-at="2024-04-14T03:35:02 IST" duration-ms="28">
      <class name="com.build.testNG.automate.testNGAutomate.TestNG">
        <test-method signature="Class1()[pri:0, instance:com.build.testNG.automate.testNGAutomate.TestNG@d21a74c]" started-at="2024-04-14T03:35:02 IST" name="Class1" finished-at="2024-04-14T03:35:02 IST" duration-ms="3" status="PASS">
          <reporter-output>
          </reporter-output>
        </test-method> <!-- Class1 -->
      </class> <!-- com.build.testNG.automate.testNGAutomate.TestNG -->
    </test> <!-- Surefire test -->
  </suite> <!-- Surefire suite -->
</testng-results>
